<?xml version="1.0" encoding="UTF-8"?>
<testng-results skipped="0" failed="0" ignored="0" total="1" passed="1">
  <reporter-output>
  </reporter-output>
  <suite name="Default suite" duration-ms="11484" started-at="2019-08-24T11:39:50Z" finished-at="2019-08-24T11:40:01Z">
    <groups>
    </groups>
    <test name="Default test" duration-ms="11484" started-at="2019-08-24T11:39:50Z" finished-at="2019-08-24T11:40:01Z">
      <class name="engineer.ai.assignment.TestClass">
        <test-method status="PASS" signature="test_Hover()[pri:0, instance:engineer.ai.assignment.TestClass@50d0686]" name="test_Hover" duration-ms="11464" started-at="2019-08-24T11:39:50Z" finished-at="2019-08-24T11:40:01Z">
          <reporter-output>
          </reporter-output>
        </test-method> <!-- test_Hover -->
      </class> <!-- engineer.ai.assignment.TestClass -->
    </test> <!-- Default test -->
  </suite> <!-- Default suite -->
</testng-results>
